\BOOKMARK [1][-]{section*.1}{\376\377\000T\000I\000T\000L\000E\000\040\000H\000E\000R\000E}{}% 1
\BOOKMARK [1][-]{section*.2}{\376\377\000A\000b\000s\000t\000r\000a\000c\000t\000\040\000\050\0001\0000\0000\000-\0001\0005\0000\000\051}{}% 2
\BOOKMARK [1][-]{section*.3}{\376\377\000I\000n\000t\000r\000o\000d\000u\000c\000t\000i\000o\000n\000\040\000\050\0001\0000\0000\0000\000\051}{}% 3
\BOOKMARK [1][-]{section.1}{\376\377\000L\000i\000t\000e\000r\000a\000t\000u\000r\000e\000\040\000R\000e\000v\000i\000e\000w\000\040\000\050\0002\0000\0000\0000\000\051}{}% 4
\BOOKMARK [2][-]{subsection.1.1}{\376\377\000M\000o\000d\000e\000l\000s\000\040\000o\000f\000\040\000B\000e\000l\000i\000e\000f\000\040\000a\000n\000d\000\040\000A\000c\000t\000i\000o\000n\000\040\000D\000y\000n\000a\000m\000i\000c\000s}{section.1}% 5
\BOOKMARK [2][-]{subsection.1.2}{\376\377\000A\000g\000e\000n\000t\000-\000B\000a\000s\000e\000d\000\040\000M\000o\000d\000e\000l\000s\000\040\000o\000f\000\040\000P\000l\000u\000r\000a\000l\000i\000s\000t\000i\000c\000\040\000I\000g\000n\000o\000r\000a\000n\000c\000e}{section.1}% 6
\BOOKMARK [2][-]{subsection.1.3}{\376\377\000S\000o\000c\000i\000a\000l\000\040\000N\000o\000r\000m\000\040\000I\000n\000t\000e\000r\000v\000e\000n\000t\000i\000o\000n\000s\000\040\000i\000n\000\040\000E\000m\000p\000i\000r\000i\000c\000a\000l\000\040\000S\000t\000u\000d\000i\000e\000s}{section.1}% 7
\BOOKMARK [2][-]{subsection.1.4}{\376\377\000T\000h\000e\000\040\000P\000r\000e\000s\000e\000n\000t\000\040\000R\000e\000s\000e\000a\000r\000c\000h}{section.1}% 8
\BOOKMARK [1][-]{section.2}{\376\377\000M\000e\000t\000h\000o\000d\000o\000l\000o\000g\000y\000\040\000\050\0002\0000\0000\0000\000-\0003\0000\0000\0000\000\051}{}% 9
\BOOKMARK [2][-]{subsection.2.1}{\376\377\000M\000o\000d\000e\000l\000\040\000S\000e\000t\000u\000p}{section.2}% 10
\BOOKMARK [3][-]{subsubsection.2.1.1}{\376\377\000I\000n\000i\000t\000i\000a\000l\000\040\000S\000e\000t\000u\000p}{subsection.2.1}% 11
\BOOKMARK [3][-]{subsubsection.2.1.2}{\376\377\000U\000p\000d\000a\000t\000i\000n\000g\000\040\000P\000r\000o\000c\000e\000d\000u\000r\000e\000s}{subsection.2.1}% 12
\BOOKMARK [3][-]{subsubsection.2.1.3}{\376\377\000I\000n\000t\000e\000r\000v\000e\000n\000t\000i\000o\000n\000s}{subsection.2.1}% 13
\BOOKMARK [2][-]{subsection.2.2}{\376\377\000S\000i\000m\000u\000l\000a\000t\000i\000o\000n\000s}{section.2}% 14
\BOOKMARK [1][-]{section.3}{\376\377\000R\000e\000s\000u\000l\000t\000s\000\040\000\050\0002\0000\0000\0000\000-\0002\0005\0000\0000\000\051}{}% 15
\BOOKMARK [2][-]{subsection.3.1}{\376\377\000F\000a\000c\000t\000o\000r\000s\000\040\000A\000s\000s\000o\000c\000i\000a\000t\000e\000d\000\040\000W\000i\000t\000h\000\040\000P\000e\000r\000s\000i\000s\000t\000e\000n\000t\000\040\000P\000l\000u\000r\000a\000l\000i\000s\000t\000i\000c\000\040\000I\000g\000n\000o\000r\000a\000n\000c\000e}{section.3}% 16
\BOOKMARK [2][-]{subsection.3.2}{\376\377\000I\000n\000t\000e\000r\000v\000e\000n\000t\000i\000o\000n\000\040\000E\000f\000f\000e\000c\000t\000s\000\040\000o\000n\000\040\000P\000l\000u\000r\000a\000l\000i\000s\000t\000i\000c\000\040\000I\000g\000n\000o\000r\000a\000n\000c\000e\000\040\000a\000n\000d\000\040\000W\000W\000O\000H\000\040\000A\000c\000t\000i\000o\000n}{section.3}% 17
\BOOKMARK [1][-]{section.4}{\376\377\000D\000i\000s\000c\000u\000s\000s\000i\000o\000n\000\040\000a\000n\000d\000\040\000C\000o\000n\000c\000l\000u\000s\000i\000o\000n\000\040\000\050\0001\0000\0000\0000\000-\0001\0005\0000\0000\000\051}{}% 18
\BOOKMARK [1][-]{section*.11}{\376\377\000R\000e\000f\000e\000r\000e\000n\000c\000e}{}% 19
\BOOKMARK [1][-]{section*.12}{\376\377\000A\000p\000p\000e\000n\000d\000i\000c\000e\000s}{}% 20
\BOOKMARK [2][-]{section*.13}{\376\377\000A\000p\000p\000e\000n\000d\000i\000x\000\040\000A\000:\000\040\000T\000h\000e\000\040\000D\000e\000r\000i\000v\000a\000t\000i\000o\000n\000\040\000o\000f\000\040\000E\000q\000u\000a\000t\000i\000o\000n\000\040\0003\000\040\000a\000n\000d\000\040\0004}{section*.12}% 21
\BOOKMARK [2][-]{subsection.4.1}{\376\377\000A\000p\000p\000e\000n\000d\000i\000x\000\040\000B\000:\000\040\000S\000u\000p\000p\000l\000e\000m\000e\000n\000t\000a\000r\000y\000\040\000R\000e\000s\000u\000l\000t\000s\000\040\000o\000n\000\040\000t\000h\000e\000\040\000F\000a\000c\000t\000o\000r\000s\000\040\000A\000s\000s\000o\000c\000i\000a\000t\000e\000d\000\040\000w\000i\000t\000h\000\040\000P\000e\000r\000s\000i\000s\000t\000e\000n\000t\000\040\000P\000I}{section*.12}% 22
\BOOKMARK [2][-]{subsection.4.2}{\376\377\000A\000p\000p\000e\000n\000d\000i\000x\000\040\000C\000:\000\040\000E\000f\000f\000e\000c\000t\000s\000\040\000o\000f\000\040\000I\000n\000t\000e\000r\000v\000e\000n\000t\000i\000o\000n\000s\000\040\000o\000n\000\040\000P\000l\000u\000r\000a\000l\000i\000s\000t\000i\000c\000\040\000I\000g\000n\000o\000r\000a\000n\000c\000e\000\040\000a\000n\000d\000\040\000W\000W\000O\000H\000\040\000A\000c\000t\000i\000o\000n}{section*.12}% 23
